# JRE version: OpenJDK Runtime Environment Temurin-17.0.12+7 (17.0.12+7) (build 17.0.12+7)
# Java VM: OpenJDK 64-Bit Server VM Temurin-17.0.12+7 (17.0.12+7, mixed mode, emulated-client, sharing, tiered, compressed oops, compressed class ptrs, g1 gc, windows-amd64)
GC Precious Log:
 CPUs: 4 total, 4 available
 Memory: 8067M
 Large Page Support: Disabled
 NUMA Support: Disabled
 Compressed Oops: Enabled (32-bit)
 Heap Region Size: 1M
 Heap Min Capacity: 8M
 Heap Initial Capacity: 128M
 Heap Max Capacity: 2018M
 Pre-touch: Disabled
 Parallel Workers: 4
 Concurrent Workers: 1
 Concurrent Refinement Workers: 4
 Periodic GC: Disabled
Heap:
 garbage-first heap   total 65536K, used 25038K [0x0000000081e00000, 0x0000000100000000)
  region size 1024K, 4 young (4096K), 4 survivors (4096K)
 Metaspace       used 41941K, committed 42368K, reserved 1114112K
  class space    used 5898K, committed 6080K, reserved 1048576K
GC Heap History (19 events):
Event: 0.556 GC heap before
{Heap before GC invocations=0 (full 0):
 garbage-first heap   total 131072K, used 13312K [0x0000000081e00000, 0x0000000100000000)
  region size 1024K, 13 young (13312K), 0 survivors (0K)
 Metaspace       used 2113K, committed 2304K, reserved 1114112K
  class space    used 249K, committed 320K, reserved 1048576K
}
Event: 0.562 GC heap after
{Heap after GC invocations=1 (full 0):
 garbage-first heap   total 131072K, used 8002K [0x0000000081e00000, 0x0000000100000000)
  region size 1024K, 2 young (2048K), 2 survivors (2048K)
 Metaspace       used 2113K, committed 2304K, reserved 1114112K
  class space    used 249K, committed 320K, reserved 1048576K
}
Event: 0.885 GC heap before
{Heap before GC invocations=1 (full 0):
 garbage-first heap   total 131072K, used 16194K [0x0000000081e00000, 0x0000000100000000)
  region size 1024K, 11 young (11264K), 2 survivors (2048K)
 Metaspace       used 3958K, committed 4096K, reserved 1114112K
  class space    used 520K, committed 576K, reserved 1048576K
}
Event: 0.888 GC heap after
{Heap after GC invocations=2 (full 0):
 garbage-first heap   total 131072K, used 8380K [0x0000000081e00000, 0x0000000100000000)
  region size 1024K, 1 young (1024K), 1 survivors (1024K)
 Metaspace       used 3958K, committed 4096K, reserved 1114112K
  class space    used 520K, committed 576K, reserved 1048576K
}
Event: 1.524 GC heap before
{Heap before GC invocations=2 (full 0):
 garbage-first heap   total 131072K, used 30908K [0x0000000081e00000, 0x0000000100000000)
  region size 1024K, 23 young (23552K), 1 survivors (1024K)
 Metaspace       used 8850K, committed 9088K, reserved 1114112K
  class space    used 1234K, committed 1344K, reserved 1048576K
}
Event: 1.528 GC heap after
{Heap after GC invocations=3 (full 0):
 garbage-first heap   total 131072K, used 9960K [0x0000000081e00000, 0x0000000100000000)
  region size 1024K, 3 young (3072K), 3 survivors (3072K)
 Metaspace       used 8850K, committed 9088K, reserved 1114112K
  class space    used 1234K, committed 1344K, reserved 1048576K
}
Event: 3.290 GC heap before
{Heap before GC invocations=3 (full 0):
 garbage-first heap   total 131072K, used 83688K [0x0000000081e00000, 0x0000000100000000)
  region size 1024K, 76 young (77824K), 3 survivors (3072K)
 Metaspace       used 19008K, committed 19264K, reserved 1114112K
  class space    used 2575K, committed 2688K, reserved 1048576K
}
Event: 3.303 GC heap after
{Heap after GC invocations=4 (full 0):
 garbage-first heap   total 131072K, used 15785K [0x0000000081e00000, 0x0000000100000000)
  region size 1024K, 8 young (8192K), 8 survivors (8192K)
 Metaspace       used 19008K, committed 19264K, reserved 1114112K
  class space    used 2575K, committed 2688K, reserved 1048576K
}
Event: 3.980 GC heap before
{Heap before GC invocations=4 (full 0):
 garbage-first heap   total 131072K, used 37289K [0x0000000081e00000, 0x0000000100000000)
  region size 1024K, 30 young (30720K), 8 survivors (8192K)
 Metaspace       used 21259K, committed 21504K, reserved 1114112K
  class space    used 2916K, committed 3008K, reserved 1048576K
}
Event: 3.994 GC heap after
{Heap after GC invocations=5 (full 0):
 garbage-first heap   total 131072K, used 17533K [0x0000000081e00000, 0x0000000100000000)
  region size 1024K, 2 young (2048K), 2 survivors (2048K)
 Metaspace       used 21259K, committed 21504K, reserved 1114112K
  class space    used 2916K, committed 3008K, reserved 1048576K
}
Event: 5.992 GC heap before
{Heap before GC invocations=6 (full 0):
 garbage-first heap   total 65536K, used 54397K [0x0000000081e00000, 0x0000000100000000)
  region size 1024K, 38 young (38912K), 2 survivors (2048K)
 Metaspace       used 26984K, committed 27456K, reserved 1114112K
  class space    used 3736K, committed 3968K, reserved 1048576K
}
Event: 6.001 GC heap after
{Heap after GC invocations=7 (full 0):
 garbage-first heap   total 65536K, used 20345K [0x0000000081e00000, 0x0000000100000000)
  region size 1024K, 5 young (5120K), 5 survivors (5120K)
 Metaspace       used 26984K, committed 27456K, reserved 1114112K
  class space    used 3736K, committed 3968K, reserved 1048576K
}
Event: 6.054 GC heap before
{Heap before GC invocations=7 (full 0):
 garbage-first heap   total 65536K, used 21369K [0x0000000081e00000, 0x0000000100000000)
  region size 1024K, 6 young (6144K), 5 survivors (5120K)
 Metaspace       used 27038K, committed 27520K, reserved 1114112K
  class space    used 3745K, committed 3968K, reserved 1048576K
}
Event: 6.061 GC heap after
{Heap after GC invocations=8 (full 0):
 garbage-first heap   total 65536K, used 20903K [0x0000000081e00000, 0x0000000100000000)
  region size 1024K, 1 young (1024K), 1 survivors (1024K)
 Metaspace       used 27038K, committed 27520K, reserved 1114112K
  class space    used 3745K, committed 3968K, reserved 1048576K
}
Event: 7.457 GC heap before
{Heap before GC invocations=8 (full 0):
 garbage-first heap   total 65536K, used 46503K [0x0000000081e00000, 0x0000000100000000)
  region size 1024K, 27 young (27648K), 1 survivors (1024K)
 Metaspace       used 32104K, committed 32576K, reserved 1114112K
  class space    used 4499K, committed 4736K, reserved 1048576K
}
Event: 7.463 GC heap after
{Heap after GC invocations=9 (full 0):
 garbage-first heap   total 65536K, used 21664K [0x0000000081e00000, 0x0000000100000000)
  region size 1024K, 2 young (2048K), 2 survivors (2048K)
 Metaspace       used 32104K, committed 32576K, reserved 1114112K
  class space    used 4499K, committed 4736K, reserved 1048576K
}
Event: 9.202 GC heap before
{Heap before GC invocations=9 (full 0):
 garbage-first heap   total 65536K, used 37024K [0x0000000081e00000, 0x0000000100000000)
  region size 1024K, 18 young (18432K), 2 survivors (2048K)
 Metaspace       used 35683K, committed 36096K, reserved 1114112K
  class space    used 5060K, committed 5248K, reserved 1048576K
}
Event: 9.207 GC heap after
{Heap after GC invocations=10 (full 0):
 garbage-first heap   total 65536K, used 22597K [0x0000000081e00000, 0x0000000100000000)
  region size 1024K, 3 young (3072K), 3 survivors (3072K)
 Metaspace       used 35683K, committed 36096K, reserved 1114112K
  class space    used 5060K, committed 5248K, reserved 1048576K
}
Event: 10.560 GC heap before
{Heap before GC invocations=11 (full 0):
 garbage-first heap   total 65536K, used 48197K [0x0000000081e00000, 0x0000000100000000)
  region size 1024K, 29 young (29696K), 3 survivors (3072K)
 Metaspace       used 41941K, committed 42368K, reserved 1114112K
  class space    used 5898K, committed 6080K, reserved 1048576K
}

